<?xml version="1.0" encoding="UTF-8"?>
<!-- Generated by org.testng.reporters.JUnitReportReporter -->
<testsuite hostname="DESKTOP-N82JUJ7" failures="0" tests="1" name="demo.Amezon" time="17.524" errors="0" timestamp="2023-09-08T16:47:54 IST" skipped="0">
  <testcase classname="demo.Amezon" name="amezonTest" time="17.524"/>
  <system-out/>
</testsuite> <!-- demo.Amezon -->
